<?xml version="1.0" encoding="UTF-8"?>
<!-- Generated by org.testng.reporters.JUnitReportReporter -->
<testsuite hostname="DESKTOP-MSM102A" failures="0" tests="1" name="testngPackage.ClassB" time="0.013" errors="0" timestamp="2023-05-28T16:37:24 IST" skipped="0">
  <testcase classname="testngPackage.ClassB" name="testCase1" time="0.013"/>
  <system-out/>
</testsuite> <!-- testngPackage.ClassB -->
